Removed Pin From Net: NetName=NetD?_1 Pin=R?-1
Removed Pin From Net: NetName=GND_ISO Pin=R?-2
Change Component Footprint: Designator=R? Old Footprint=FP-CRCW0603-e3-IPC_C New Footprint=FP-RN731J-MFG
Change Component Comment : Designator=R? Old Comment=CRCW060330R0JNEA New Comment=330R
Change Managed Component Library Link : Designator=R? Old VaultGUID=B7D15EC3-160A-466F-A46C-7801FE6295A7 New VaultGUID=B7D15EC3-160A-466F-A46C-7801FE6295A7 Old ItemGUID=259228E5-F3C3-4B85-88FE-E844EE01A30A New ItemGUID=ECBB523F-6671-452D-B5F5-9DB19D226248 Old RevisionGUID=EB77E8EB-07AE-44BE-88F8-482CBCE9B82B New RevisionGUID=E14A63B8-DBD0-41BD-AC58-644F28AEB6EC
Change component parameters: Designator = "R?" ("R?"); Footprint = "FP-CRCW0603-e3-IPC_C"; UniqueID = "\GJUDUZOM" ("\GJUDUZOM")
Change component parameters (AddParameter): Name = "Automotive"; Value = "No"; VariantName = "[No Variations]"
Change component parameters (AddParameter): Name = "Category"; Value = "Res"; VariantName = "[No Variations]"
Change component parameters (AddParameter): Name = "ComponentLink2Description"; Value = "Datasheet"; VariantName = "[No Variations]"
Change component parameters (AddParameter): Name = "ComponentLink2URL"; Value = "https://www.te.com/commerce/DocumentDelivery/DDEController?Action=showdoc&DocId=Data+Sheet%7F1773270%7FP%7Fpdf%7FEnglish%7FENG_DS_1773270_P.pdf%7F9-1614352-9"; VariantName = "[No Variations]"
Change component parameters (AddParameter): Name = "Composition"; Value = "Thin Film"; VariantName = "[No Variations]"
Change component parameters (AddParameter): Name = "Device Class L1"; Value = "Passive Components"; VariantName = "[No Variations]"
Change component parameters (AddParameter): Name = "Device Class L2"; Value = "Resistors"; VariantName = "[No Variations]"
Change component parameters (AddParameter): Name = "Device Class L3"; Value = "Chip SMD Resistors"; VariantName = "[No Variations]"
Change component parameters (AddParameter): Name = "Height"; Value = "0.55mm"; VariantName = "[No Variations]"
Change component parameters (AddParameter): Name = "Ipc Land Pattern Name"; Value = "RESC15580X45"; VariantName = "[No Variations]"
Change component parameters (AddParameter): Name = "Lead Free"; Value = "Yes"; VariantName = "[No Variations]"
Change component parameters (AddParameter): Name = "Manufacturer"; Value = "TE Connectivity"; VariantName = "[No Variations]"
Change component parameters (AddParameter): Name = "Manufacturer Part Number"; Value = "RN73C1J330RBTDF"; VariantName = "[No Variations]"
Change component parameters (AddParameter): Name = "Octopart"; Value = "https://octopart.com/rn73c1j330rbtdf-te+connectivity-22740699"; VariantName = "[No Variations]"
Change component parameters (AddParameter): Name = "octopart_url"; Value = "https://octopart.com/rn73c1j330rbtdf-te+connectivity-22740699"; VariantName = "[No Variations]"
Change component parameters (AddParameter): Name = "Package"; Value = "RN731J"; VariantName = "[No Variations]"
Change component parameters (AddParameter): Name = "packaging"; Value = "1000 Reel"; VariantName = "[No Variations]"
Change component parameters (AddParameter): Name = "Power Rating"; Value = "0.063W"; VariantName = "[No Variations]"
Change component parameters (AddParameter): Name = "Resistance"; Value = "330O"; VariantName = "[No Variations]"
Change component parameters (AddParameter): Name = "RoHS"; Value = "TRUE"; VariantName = "[No Variations]"
Change component parameters (AddParameter): Name = "Series"; Value = "RN73"; VariantName = "[No Variations]"
Change component parameters (AddParameter): Name = "Temperature"; Value = "-55°C to +155°C"; VariantName = "[No Variations]"
Change component parameters (AddParameter): Name = "Temperature Coefficient"; Value = "10ppm/°C"; VariantName = "[No Variations]"
Change component parameters (AddParameter): Name = "Temperature Range High"; Value = "+155°C"; VariantName = "[No Variations]"
Change component parameters (AddParameter): Name = "Temperature Range Low"; Value = "-55°C"; VariantName = "[No Variations]"
Change component parameters (AddParameter): Name = "Tolerance"; Value = "0.1%"; VariantName = "[No Variations]"
Change component parameters (AddParameter): Name = "Value"; Value = "330O"; VariantName = "[No Variations]"
Change component parameters (AddParameter): Name = "Voltage Rating"; Value = "50V"; VariantName = "[No Variations]"
Added Component: Designator=C?(CAPC2013X145X50NL20T25)
Add component (AddParameter): Name = "Manufacturer"; Value = "Kemet"; VariantName = "[No Variations]"
Add component (AddParameter): Name = "Part Number"; Value = "C0805S104K5RACTU"; VariantName = "[No Variations]"
Added Component: Designator=C?(CAPC2013X145X50NL20T25)
Add component (AddParameter): Name = "Manufacturer"; Value = "Kemet"; VariantName = "[No Variations]"
Add component (AddParameter): Name = "Part Number"; Value = "C0805S104K5RACTU"; VariantName = "[No Variations]"
Added Component: Designator=C?(CAPC2013X145X50NL20T25)
Add component (AddParameter): Name = "Manufacturer"; Value = "Kemet"; VariantName = "[No Variations]"
Add component (AddParameter): Name = "Part Number"; Value = "C0805S104K5RACTU"; VariantName = "[No Variations]"
Added Component: Designator=C?(FP-CGA3E-0_3-0_1-IPC_B)
Add component (AddParameter): Name = "Capacitance"; Value = "1uF"; VariantName = "[No Variations]"
Add component (AddParameter): Name = "Case Code (Imperial)"; Value = "0603"; VariantName = "[No Variations]"
Add component (AddParameter): Name = "Case Code (Metric)"; Value = "1608"; VariantName = "[No Variations]"
Add component (AddParameter): Name = "Case/Package"; Value = "0603"; VariantName = "[No Variations]"
Add component (AddParameter): Name = "Dielectric"; Value = "X7R"; VariantName = "[No Variations]"
Add component (AddParameter): Name = "Height"; Value = "0.8mm"; VariantName = "[No Variations]"
Add component (AddParameter): Name = "Length"; Value = "0.063inch"; VariantName = "[No Variations]"
Add component (AddParameter): Name = "Max Operating Temperature"; Value = "125°C"; VariantName = "[No Variations]"
Add component (AddParameter): Name = "Min Operating Temperature"; Value = "-55°C"; VariantName = "[No Variations]"
Add component (AddParameter): Name = "Mount"; Value = "Surface Mount"; VariantName = "[No Variations]"
Add component (AddParameter): Name = "Package Quantity"; Value = "4000"; VariantName = "[No Variations]"
Add component (AddParameter): Name = "Packaging"; Value = "Tape and Reel"; VariantName = "[No Variations]"
Add component (AddParameter): Name = "Ratings"; Value = "AEC-Q200"; VariantName = "[No Variations]"
Add component (AddParameter): Name = "Thickness"; Value = "0.031inch"; VariantName = "[No Variations]"
Add component (AddParameter): Name = "Tolerance"; Value = "20%"; VariantName = "[No Variations]"
Add component (AddParameter): Name = "Voltage Rating"; Value = "25V"; VariantName = "[No Variations]"
Add component (AddParameter): Name = "Voltage Rating (DC)"; Value = "25V"; VariantName = "[No Variations]"
Add component (AddParameter): Name = "Weight"; Value = "7.1E-05oz"; VariantName = "[No Variations]"
Add component (AddParameter): Name = "Width"; Value = "0.031inch"; VariantName = "[No Variations]"
Added Component: Designator=C?(CAPC1608X90X35NL15T15)
Add component (AddParameter): Name = "Manufacturer"; Value = "AVX Interconnect / Elco"; VariantName = "[No Variations]"
Add component (AddParameter): Name = "Part Number"; Value = "06033D334KAT2A"; VariantName = "[No Variations]"
Added Component: Designator=C?(CAPC2013X145X50NL20T25)
Add component (AddParameter): Name = "Manufacturer"; Value = "Kemet"; VariantName = "[No Variations]"
Add component (AddParameter): Name = "Part Number"; Value = "C0805S104K5RACTU"; VariantName = "[No Variations]"
Added Pin To Net: NetName=+5V_ISO Pin=C?-1
Added Pin To Net: NetName=+V_ISO Pin=C?-1
Added Pin To Net: NetName=GND_ISO Pin=C?-1
Added Pin To Net: NetName=GND_ISO Pin=C?-1
Added Pin To Net: NetName=GND_ISO Pin=C?-1
Added Pin To Net: NetName=+5V_ISO Pin=C?-2
Added Pin To Net: NetName=+5V_ISO Pin=C?-2
Added Pin To Net: NetName=+V_ISO Pin=C?-2
Added Pin To Net: NetName=GND_ISO Pin=C?-2
Added Pin To Net: NetName=GND_ISO Pin=C?-2
Added Pin To Net: NetName=GND_ISO Pin=R?-1
Added Pin To Net: NetName=NetD?_1 Pin=R?-2
Added Pin To Net: NetName=GND_ISO Pin=U?-2
Added Pin To Net: NetName=GND_ISO Pin=U?-3
Added Pin To Net: NetName=GND_ISO Pin=U?-11
Added Pin To Net: NetName=GND_ISO Pin=U?-13
Added Pin To Net: NetName=GND_ISO Pin=U?-14
Added Pin To Net: NetName=GND_ISO Pin=U?-19
Added Pin To Net: NetName=+5V_ISO Pin=U?-20
Added Pin To Net: NetName=GND_ISO Pin=U?-35
Added Pin To Net: NetName=+3V3 Pin=C?-1
Added Pin To Net: NetName=+3V3 Pin=U?-1
Added Net: Name=+3V3
Added Pin To Net: NetName=GNDD Pin=C?-2
Added Pin To Net: NetName=GNDD Pin=U?-2
Added Pin To Net: NetName=GNDD Pin=U?-10
Added Net: Name=GNDD
Add Net: Net with name "NetD?_2" already exists
Added Pin To Net: NetName=NetU?_3 Pin=U?-3
Added Net: Name=NetU?_3
Added Pin To Net: NetName=NetU?_4 Pin=U?-4
Added Net: Name=NetU?_4
Added Pin To Net: NetName=NetU?_5 Pin=U?-5
Added Net: Name=NetU?_5
Added Pin To Net: NetName=NetU?_6 Pin=U?-6
Added Net: Name=NetU?_6
Added Pin To Net: NetName=NetU?_7 Pin=U?-7
Added Net: Name=NetU?_7
Added Pin To Net: NetName=NetU?_8 Pin=U?-8
Added Net: Name=NetU?_8
Added Pin To Net: NetName=NetU?_10 Pin=U?-10
Added Pin To Net: NetName=NetU?_10 Pin=U?-11
Added Pin To Net: NetName=NetU?_10 Pin=U?-12
Added Pin To Net: NetName=NetU?_10 Pin=U?-13
Added Pin To Net: NetName=NetU?_10 Pin=U?-14
Added Pin To Net: NetName=NetU?_10 Pin=U?-15
Added Pin To Net: NetName=NetU?_10 Pin=U?-16
Added Pin To Net: NetName=NetU?_10 Pin=U?-17
Added Pin To Net: NetName=NetU?_10 Pin=U?-18
Added Pin To Net: NetName=NetU?_10 Pin=U?-19
Added Pin To Net: NetName=NetU?_10 Pin=U?-20
Added Pin To Net: NetName=NetU?_10 Pin=U?-21
Added Pin To Net: NetName=NetU?_10 Pin=U?-22
Added Pin To Net: NetName=NetU?_10 Pin=U?-23
Added Pin To Net: NetName=NetU?_10 Pin=U?-24
Added Pin To Net: NetName=NetU?_10 Pin=U?-25
Added Pin To Net: NetName=NetU?_10 Pin=U?-26
Added Pin To Net: NetName=NetU?_10 Pin=U?-27
Added Net: Name=NetU?_10
Added Member To Class: ClassName=DAQ_SCH Member=Component C? 100nF
Added Member To Class: ClassName=DAQ_SCH Member=Component C? 100nF
Added Member To Class: ClassName=DAQ_SCH Member=Component C? 100nF
Added Member To Class: ClassName=DAQ_SCH Member=Component C? 1uF
Added Member To Class: ClassName=DAQ_SCH Member=Component C? 330nF
Added Member To Class: ClassName=DAQ_SCH Member=Component C? 100nF
Added Member To Class: ClassName=DAQ_SCH Member=Component D? BAT46ZFILM
Added Member To Class: ClassName=DAQ_SCH Member=Component D? BAT46ZFILM
Added Member To Class: ClassName=DAQ_SCH Member=Component J? SJ2-3574A-SMT-TR
Added Member To Class: ClassName=DAQ_SCH Member=Component J? SJ2-3574A-SMT-TR
Added Member To Class: ClassName=DAQ_SCH Member=Component J? SJ2-3574A-SMT-TR
Added Member To Class: ClassName=DAQ_SCH Member=Component J? SSW-123-06-T-D
Added Member To Class: ClassName=DAQ_SCH Member=Component J? SJ2-3574A-SMT-TR
Added Member To Class: ClassName=DAQ_SCH Member=Component P? 691313510004
Added Member To Class: ClassName=DAQ_SCH Member=Component U? ADS8688IDBTR
Added Member To Class: ClassName=DAQ_SCH Member=Component U? SN6501DBVR
Added Member To Class: ClassName=DAQ_SCH Member=Component U? ADUM3150BRSZ-RL7
Added Rule: Name=Schematic Supply Nets_5
Added Rule: Name=Schematic Supply Nets_6
