Removed Pin From Net: NetName=NetC1_2 Pin=R6-1
Removed Pin From Net: NetName=NetC1_1 Pin=R6-2
Removed Pin From Net: NetName=NetC3_2 Pin=R13-1
Removed Pin From Net: NetName=NetC3_1 Pin=R13-2
Removed Pin From Net: NetName=NetC4_2 Pin=R19-1
Removed Pin From Net: NetName=NetC4_1 Pin=R19-2
Change Component Footprint: Designator=R6 Old Footprint=FP-CRGCQ2512-IPC_C New Footprint=FP-ESR10-IPC_C
Change Component Footprint: Designator=R13 Old Footprint=FP-CRGCQ2512-IPC_C New Footprint=FP-ESR10-IPC_C
Change Component Footprint: Designator=R19 Old Footprint=FP-CRGCQ2512-IPC_C New Footprint=FP-ESR10-IPC_C
Change Managed Component Library Link : Designator=R6 Old VaultGUID=B7D15EC3-160A-466F-A46C-7801FE6295A7 New VaultGUID=B7D15EC3-160A-466F-A46C-7801FE6295A7 Old ItemGUID=3EA52E58-8275-4B04-BB84-909291F63598 New ItemGUID=263304A6-31A2-453B-82FB-CA3080C44C0A Old RevisionGUID=02737D7A-7C54-495D-A82D-6E451F1BCF6A New RevisionGUID=095A37DD-DB8D-4114-9C2C-825B0725AB22
Change Managed Component Library Link : Designator=R13 Old VaultGUID=B7D15EC3-160A-466F-A46C-7801FE6295A7 New VaultGUID=B7D15EC3-160A-466F-A46C-7801FE6295A7 Old ItemGUID=3EA52E58-8275-4B04-BB84-909291F63598 New ItemGUID=263304A6-31A2-453B-82FB-CA3080C44C0A Old RevisionGUID=02737D7A-7C54-495D-A82D-6E451F1BCF6A New RevisionGUID=095A37DD-DB8D-4114-9C2C-825B0725AB22
Change Managed Component Library Link : Designator=R19 Old VaultGUID=B7D15EC3-160A-466F-A46C-7801FE6295A7 New VaultGUID=B7D15EC3-160A-466F-A46C-7801FE6295A7 Old ItemGUID=3EA52E58-8275-4B04-BB84-909291F63598 New ItemGUID=263304A6-31A2-453B-82FB-CA3080C44C0A Old RevisionGUID=02737D7A-7C54-495D-A82D-6E451F1BCF6A New RevisionGUID=095A37DD-DB8D-4114-9C2C-825B0725AB22
Change component parameters: Designator = "R6" ("R6"); Footprint = "FP-CRGCQ2512-IPC_C"; UniqueID = "\LUYOIJQJ" ("\LUYOIJQJ")
Change component parameters (AddParameter): Name = "Case/Package"; Value = "0805"; VariantName = "[No Variations]"
Change component parameters (AddParameter): Name = "Features"; Value = "Automotive AEC-Q200"; VariantName = "[No Variations]"
Change component parameters (AddParameter): Name = "Height"; Value = "0.026inch"; VariantName = "[No Variations]"
Change component parameters (AddParameter): Name = "Length"; Value = "0.079inch"; VariantName = "[No Variations]"
Change component parameters (AddParameter): Name = "Max Operating Temperature"; Value = "155°C"; VariantName = "[No Variations]"
Change component parameters (AddParameter): Name = "Max Power Dissipation"; Value = "400mW"; VariantName = "[No Variations]"
Change component parameters (AddParameter): Name = "Min Operating Temperature"; Value = "-55°C"; VariantName = "[No Variations]"
Change component parameters (AddParameter): Name = "Number of Terminations"; Value = "2"; VariantName = "[No Variations]"
Change component parameters (AddParameter): Name = "Package Quantity"; Value = "5000"; VariantName = "[No Variations]"
Change component parameters (AddParameter): Name = "Packaging"; Value = "Tape and Reel"; VariantName = "[No Variations]"
Change component parameters (AddParameter): Name = "Resistance"; Value = "22kR"; VariantName = "[No Variations]"
Change component parameters (AddParameter): Name = "Resistor Type"; Value = "Thick Film"; VariantName = "[No Variations]"
Change component parameters (AddParameter): Name = "RoHS Compliant"; Value = "Yes"; VariantName = "[No Variations]"
Change component parameters (AddParameter): Name = "Series"; Value = "ESR10"; VariantName = "[No Variations]"
Change component parameters (AddParameter): Name = "Temperature Coefficient"; Value = "100ppm/°C"; VariantName = "[No Variations]"
Change component parameters (AddParameter): Name = "Tolerance"; Value = "1%"; VariantName = "[No Variations]"
Change component parameters (AddParameter): Name = "Width"; Value = "0.049inch"; VariantName = "[No Variations]"
Change component parameters: Designator = "R13" ("R13"); Footprint = "FP-CRGCQ2512-IPC_C"; UniqueID = "\PWIWYRUZ" ("\PWIWYRUZ")
Change component parameters (AddParameter): Name = "Case/Package"; Value = "0805"; VariantName = "[No Variations]"
Change component parameters (AddParameter): Name = "Features"; Value = "Automotive AEC-Q200"; VariantName = "[No Variations]"
Change component parameters (AddParameter): Name = "Height"; Value = "0.026inch"; VariantName = "[No Variations]"
Change component parameters (AddParameter): Name = "Length"; Value = "0.079inch"; VariantName = "[No Variations]"
Change component parameters (AddParameter): Name = "Max Operating Temperature"; Value = "155°C"; VariantName = "[No Variations]"
Change component parameters (AddParameter): Name = "Max Power Dissipation"; Value = "400mW"; VariantName = "[No Variations]"
Change component parameters (AddParameter): Name = "Min Operating Temperature"; Value = "-55°C"; VariantName = "[No Variations]"
Change component parameters (AddParameter): Name = "Number of Terminations"; Value = "2"; VariantName = "[No Variations]"
Change component parameters (AddParameter): Name = "Package Quantity"; Value = "5000"; VariantName = "[No Variations]"
Change component parameters (AddParameter): Name = "Packaging"; Value = "Tape and Reel"; VariantName = "[No Variations]"
Change component parameters (AddParameter): Name = "Resistance"; Value = "22kR"; VariantName = "[No Variations]"
Change component parameters (AddParameter): Name = "Resistor Type"; Value = "Thick Film"; VariantName = "[No Variations]"
Change component parameters (AddParameter): Name = "RoHS Compliant"; Value = "Yes"; VariantName = "[No Variations]"
Change component parameters (AddParameter): Name = "Series"; Value = "ESR10"; VariantName = "[No Variations]"
Change component parameters (AddParameter): Name = "Temperature Coefficient"; Value = "100ppm/°C"; VariantName = "[No Variations]"
Change component parameters (AddParameter): Name = "Tolerance"; Value = "1%"; VariantName = "[No Variations]"
Change component parameters (AddParameter): Name = "Width"; Value = "0.049inch"; VariantName = "[No Variations]"
Change component parameters: Designator = "R19" ("R19"); Footprint = "FP-CRGCQ2512-IPC_C"; UniqueID = "\TNOFPDJH" ("\TNOFPDJH")
Change component parameters (AddParameter): Name = "Case/Package"; Value = "0805"; VariantName = "[No Variations]"
Change component parameters (AddParameter): Name = "Features"; Value = "Automotive AEC-Q200"; VariantName = "[No Variations]"
Change component parameters (AddParameter): Name = "Height"; Value = "0.026inch"; VariantName = "[No Variations]"
Change component parameters (AddParameter): Name = "Length"; Value = "0.079inch"; VariantName = "[No Variations]"
Change component parameters (AddParameter): Name = "Max Operating Temperature"; Value = "155°C"; VariantName = "[No Variations]"
Change component parameters (AddParameter): Name = "Max Power Dissipation"; Value = "400mW"; VariantName = "[No Variations]"
Change component parameters (AddParameter): Name = "Min Operating Temperature"; Value = "-55°C"; VariantName = "[No Variations]"
Change component parameters (AddParameter): Name = "Number of Terminations"; Value = "2"; VariantName = "[No Variations]"
Change component parameters (AddParameter): Name = "Package Quantity"; Value = "5000"; VariantName = "[No Variations]"
Change component parameters (AddParameter): Name = "Packaging"; Value = "Tape and Reel"; VariantName = "[No Variations]"
Change component parameters (AddParameter): Name = "Resistance"; Value = "22kR"; VariantName = "[No Variations]"
Change component parameters (AddParameter): Name = "Resistor Type"; Value = "Thick Film"; VariantName = "[No Variations]"
Change component parameters (AddParameter): Name = "RoHS Compliant"; Value = "Yes"; VariantName = "[No Variations]"
Change component parameters (AddParameter): Name = "Series"; Value = "ESR10"; VariantName = "[No Variations]"
Change component parameters (AddParameter): Name = "Temperature Coefficient"; Value = "100ppm/°C"; VariantName = "[No Variations]"
Change component parameters (AddParameter): Name = "Tolerance"; Value = "1%"; VariantName = "[No Variations]"
Change component parameters (AddParameter): Name = "Width"; Value = "0.049inch"; VariantName = "[No Variations]"
Added Pin To Net: NetName=NetC1_1 Pin=R6-1
Added Pin To Net: NetName=NetC1_2 Pin=R6-2
Added Pin To Net: NetName=NetC3_1 Pin=R13-1
Added Pin To Net: NetName=NetC3_2 Pin=R13-2
Added Pin To Net: NetName=NetC4_1 Pin=R19-1
Added Pin To Net: NetName=NetC4_2 Pin=R19-2
Added Member To Class: ClassName=DAQ_SCH Member=Component C6 100nF
Added Member To Class: ClassName=DAQ_SCH Member=Component J1 SJ2-3574A-SMT-TR
